<?xml version="1.0" encoding="UTF-8"?>
<testng-results skipped="0" failed="0" ignored="0" total="1" passed="1">
  <reporter-output>
  </reporter-output>
  <suite name="Default suite" duration-ms="8875" started-at="2020-10-30T01:24:39Z" finished-at="2020-10-30T01:24:48Z">
    <groups>
    </groups>
    <test name="Default test" duration-ms="8875" started-at="2020-10-30T01:24:39Z" finished-at="2020-10-30T01:24:48Z">
      <class name="testNG.concepts.TestNGPractice">
        <test-method status="PASS" signature="beforeMethod()[pri:0, instance:testNG.concepts.TestNGPractice@239963d8]" name="beforeMethod" is-config="true" duration-ms="6697" started-at="2020-10-30T01:24:39Z" finished-at="2020-10-30T01:24:45Z">
          <reporter-output>
          </reporter-output>
        </test-method> <!-- beforeMethod -->
        <test-method status="PASS" signature="navigateToURL()[pri:0, instance:testNG.concepts.TestNGPractice@239963d8]" name="navigateToURL" duration-ms="1948" started-at="2020-10-30T01:24:45Z" finished-at="2020-10-30T01:24:47Z">
          <reporter-output>
          </reporter-output>
        </test-method> <!-- navigateToURL -->
        <test-method status="PASS" signature="afterMethod()[pri:0, instance:testNG.concepts.TestNGPractice@239963d8]" name="afterMethod" is-config="true" duration-ms="168" started-at="2020-10-30T01:24:47Z" finished-at="2020-10-30T01:24:47Z">
          <reporter-output>
          </reporter-output>
        </test-method> <!-- afterMethod -->
      </class> <!-- testNG.concepts.TestNGPractice -->
    </test> <!-- Default test -->
  </suite> <!-- Default suite -->
</testng-results>
